<?xml version="1.0" encoding="UTF-8"?>
<!-- Generated by org.testng.reporters.JUnitXMLReporter -->
<testsuite hostname="DESKTOP-TKK5GPG" name="All Tests" tests="1" failures="1" timestamp="21 Apr 2021 12:28:39 GMT" time="23.671" errors="0">
  <testcase name="doLogin" time="22.032" classname="com.rediff.ddf.newtestcases.Session">
    <failure type="java.lang.AssertionError" message="The following asserts failed:
	Dummy test failure">
      <![CDATA[java.lang.AssertionError: The following asserts failed:
	Dummy test failure
	at com.rediff.ddf.base.GenericKeywords.assertAll(GenericKeywords.java:202)
	at com.rediff.ddf.base.GenericKeywords.reportFailure(GenericKeywords.java:197)
	at com.rediff.ddf.newtestcases.Session.doLogin(Session.java:21)
... Removed 26 stack frames]]>
    </failure>
  </testcase> <!-- doLogin -->
</testsuite> <!-- All Tests -->
