<?xml version="1.0" encoding="UTF-8"?>
<!-- Generated by org.testng.reporters.JUnitXMLReporter -->
<testsuite hostname="DESKTOP-TKK5GPG" name="Create Portfolio-Create New PortFolio-pos-It.1" tests="1" failures="1" timestamp="25 Oct 2021 23:56:04 GMT" time="39.729" errors="0">
  <testcase name="createPortfolio" time="21.142" classname="com.rediff.ddf.newtestcases.PortfolioManagement">
    <failure type="java.lang.AssertionError" message="The following asserts failed:
	OptionCatl11111112 not present in Drop Down portfolioid_dropdown_id">
      <![CDATA[java.lang.AssertionError: The following asserts failed:
	OptionCatl11111112 not present in Drop Down portfolioid_dropdown_id
	at com.rediff.ddf.base.GenericKeywords.assertAll(GenericKeywords.java:227)
	at com.rediff.ddf.base.GenericKeywords.reportFailure(GenericKeywords.java:222)
	at com.rediff.ddf.base.ValidationKeywords.validateSelectedValueInDropDown(ValidationKeywords.java:36)
	at com.rediff.ddf.newtestcases.PortfolioManagement.createPortfolio(PortfolioManagement.java:24)
	at runner.TestNGRunner.run(TestNGRunner.java:79)
	at runner.JSONRunner.main(JSONRunner.java:143)
... Removed 23 stack frames]]>
    </failure>
  </testcase> <!-- createPortfolio -->
</testsuite> <!-- Create Portfolio-Create New PortFolio-pos-It.1 -->
