<?xml version="1.0" encoding="UTF-8"?>
<!-- Generated by org.testng.reporters.JUnitXMLReporter -->
<testsuite hostname="DESKTOP-TKK5GPG" name="Delete Portfolio Test" tests="2" failures="1" timestamp="25 Apr 2021 15:10:05 GMT" time="35.444" errors="0">
  <testcase name="selectPortfolio" time="0.225" classname="com.rediff.ddf.newtestcases.PortfolioManagement"/>
  <testcase name="deletePortfolio" time="20.188" classname="com.rediff.ddf.newtestcases.PortfolioManagement">
    <failure type="org.openqa.selenium.NoSuchElementException" message="Cannot locate option with text: Abc23336
For documentation on this error, please visit: https://selenium.dev/exceptions/#no_such_element
Build info: version: &amp;apos;4.0.0-alpha-7&amp;apos;, revision: &amp;apos;de8579b6d5&amp;apos;
System info: host: &amp;apos;DESKTOP-TKK5GPG&amp;apos;, ip: &amp;apos;192.168.56.1&amp;apos;, os.name: &amp;apos;Windows 10&amp;apos;, os.arch: &amp;apos;amd64&amp;apos;, os.version: &amp;apos;10.0&amp;apos;, java.version: &amp;apos;1.8.0_101&amp;apos;
Driver info: driver.version: unknown">
      <![CDATA[org.openqa.selenium.NoSuchElementException: Cannot locate option with text: Abc23336
For documentation on this error, please visit: https://selenium.dev/exceptions/#no_such_element
Build info: version: '4.0.0-alpha-7', revision: 'de8579b6d5'
System info: host: 'DESKTOP-TKK5GPG', ip: '192.168.56.1', os.name: 'Windows 10', os.arch: 'amd64', os.version: '10.0', java.version: '1.8.0_101'
Driver info: driver.version: unknown
	at org.openqa.selenium.support.ui.Select.selectByVisibleText(Select.java:151)
	at com.rediff.ddf.base.GenericKeywords.selectByVisibleText(GenericKeywords.java:118)
	at com.rediff.ddf.newtestcases.PortfolioManagement.deletePortfolio(PortfolioManagement.java:32)
... Removed 25 stack frames]]>
    </failure>
  </testcase> <!-- deletePortfolio -->
</testsuite> <!-- Delete Portfolio Test -->
