<!DOCTYPE html PUBLIC "-//W3C//DTD XHTML 1.1//EN" "http://www.w3.org/TR/xhtml11/DTD/xhtml11.dtd">
<html xmlns="http://www.w3.org/1999/xhtml"><head><title>TestNG Report</title><style type="text/css">table {margin-bottom:10px;border-collapse:collapse;empty-cells:show}th,td {border:1px solid #009;padding:.25em .5em}th {vertical-align:bottom}td {vertical-align:top}table a {font-weight:bold}.stripe td {background-color: #E6EBF9}.num {text-align:right}.passedodd td {background-color: #3F3}.passedeven td {background-color: #0A0}.skippedodd td {background-color: #DDD}.skippedeven td {background-color: #CCC}.failedodd td,.attn {background-color: #F33}.failedeven td,.stripe .attn {background-color: #D00}.stacktrace {white-space:pre;font-family:monospace}.totop {font-size:85%;text-align:center;border-bottom:2px solid #000}</style></head><body><table><tr><th>Test</th><th># Passed</th><th># Skipped</th><th># Failed</th><th>Time (ms)</th><th>Included Groups</th><th>Excluded Groups</th></tr><tr><th colspan="7">Stock Suite</th></tr><tr><td><a href="#t0">Modify Stock-Sell Existing Stock</a></td><td class="num">3</td><td class="num attn">1</td><td class="num attn">3</td><td class="num">91,395</td><td></td><td></td></tr><tr class="stripe"><td><a href="#t1">Modify Stock-Buy Existing Stock</a></td><td class="num">0</td><td class="num attn">7</td><td class="num">0</td><td class="num">123,679</td><td></td><td></td></tr><tr><td><a href="#t2">Add New Stock-New Stock</a></td><td class="num">0</td><td class="num attn">7</td><td class="num">0</td><td class="num">123,677</td><td></td><td></td></tr><tr><th>Total</th><th class="num">3</th><th class="num attn">15</th><th class="num attn">3</th><th class="num">338,751</th><th colspan="2"></th></tr></table><table><thead><tr><th>Class</th><th>Method</th><th>Start</th><th>Time (ms)</th></tr></thead><tbody><tr><th colspan="4">Stock Suite</th></tr></tbody><tbody id="t0"><tr><th colspan="4">Modify Stock-Sell Existing Stock &#8212; failed</th></tr><tr class="failedeven"><td rowspan="1">com.rediff.ddf.newtestcases.PortfolioManagement</td><td><a href="#m0">deletePortfolio</a></td><td rowspan="1">1619615039644</td><td rowspan="1">20108</td></tr><tr class="failedodd"><td rowspan="2">com.rediff.ddf.newtestcases.StockManagement</td><td><a href="#m1">modifyStock</a></td><td rowspan="1">1619615063644</td><td rowspan="1">1492</td></tr><tr class="failedodd"><td><a href="#m2">verifyStockQuantity</a></td><td rowspan="1">1619615065138</td><td rowspan="1">1111</td></tr><tr><th colspan="4">Modify Stock-Sell Existing Stock &#8212; skipped (configuration methods)</th></tr><tr class="skippedeven"><td rowspan="1">com.rediff.ddf.newtestcases.StockManagement</td><td><a href="#m3">beforeMethod</a></td><td rowspan="1">1619615066250</td><td rowspan="1">0</td></tr><tr><th colspan="4">Modify Stock-Sell Existing Stock &#8212; skipped</th></tr><tr class="skippedeven"><td rowspan="1">com.rediff.ddf.newtestcases.StockManagement</td><td><a href="#m4">verifyTransactionHistory</a></td><td rowspan="1">1619615066251</td><td rowspan="1">0</td></tr><tr><th colspan="4">Modify Stock-Sell Existing Stock &#8212; passed</th></tr><tr class="passedeven"><td rowspan="2">com.rediff.ddf.newtestcases.PortfolioManagement</td><td><a href="#m5">createPortfolio</a></td><td rowspan="1">1619615036238</td><td rowspan="1">3405</td></tr><tr class="passedeven"><td><a href="#m6">selectPortfolio</a></td><td rowspan="1">1619615059752</td><td rowspan="1">3715</td></tr><tr class="passedodd"><td rowspan="1">com.rediff.ddf.newtestcases.StockManagement</td><td><a href="#m7">verifyStockPresent</a></td><td rowspan="1">1619615063468</td><td rowspan="1">174</td></tr></tbody><tbody id="t1"><tr><th colspan="4">Modify Stock-Buy Existing Stock &#8212; failed (configuration methods)</th></tr><tr class="failedeven"><td rowspan="1">com.rediff.ddf.newtestcases.PortfolioManagement</td><td><a href="#m8">beforeTest</a></td><td rowspan="1">1619614979799</td><td rowspan="1">0</td></tr><tr><th colspan="4">Modify Stock-Buy Existing Stock &#8212; skipped</th></tr><tr class="skippedeven"><td rowspan="3">com.rediff.ddf.newtestcases.PortfolioManagement</td><td><a href="#m9">createPortfolio</a></td><td rowspan="1">1619615103287</td><td rowspan="1">0</td></tr><tr class="skippedeven"><td><a href="#m10">deletePortfolio</a></td><td rowspan="1">1619615103289</td><td rowspan="1">0</td></tr><tr class="skippedeven"><td><a href="#m11">selectPortfolio</a></td><td rowspan="1">1619615103290</td><td rowspan="1">0</td></tr><tr class="skippedodd"><td rowspan="4">com.rediff.ddf.newtestcases.StockManagement</td><td><a href="#m12">modifyStock</a></td><td rowspan="1">1619615103292</td><td rowspan="1">0</td></tr><tr class="skippedodd"><td><a href="#m13">verifyStockPresent</a></td><td rowspan="1">1619615103291</td><td rowspan="1">0</td></tr><tr class="skippedodd"><td><a href="#m14">verifyStockQuantity</a></td><td rowspan="1">1619615103294</td><td rowspan="1">0</td></tr><tr class="skippedodd"><td><a href="#m15">verifyTransactionHistory</a></td><td rowspan="1">1619615103295</td><td rowspan="1">0</td></tr></tbody><tbody id="t2"><tr><th colspan="4">Add New Stock-New Stock &#8212; failed (configuration methods)</th></tr><tr class="failedeven"><td rowspan="1">com.rediff.ddf.newtestcases.PortfolioManagement</td><td><a href="#m16">beforeTest</a></td><td rowspan="1">1619614979799</td><td rowspan="1">0</td></tr><tr><th colspan="4">Add New Stock-New Stock &#8212; skipped</th></tr><tr class="skippedeven"><td rowspan="3">com.rediff.ddf.newtestcases.PortfolioManagement</td><td><a href="#m17">createPortfolio</a></td><td rowspan="1">1619615103287</td><td rowspan="1">1</td></tr><tr class="skippedeven"><td><a href="#m18">deletePortfolio</a></td><td rowspan="1">1619615103289</td><td rowspan="1">0</td></tr><tr class="skippedeven"><td><a href="#m19">selectPortfolio</a></td><td rowspan="1">1619615103290</td><td rowspan="1">0</td></tr><tr class="skippedodd"><td rowspan="4">com.rediff.ddf.newtestcases.StockManagement</td><td><a href="#m20">addNewStock</a></td><td rowspan="1">1619615103291</td><td rowspan="1">0</td></tr><tr class="skippedodd"><td><a href="#m21">verifyStockPresent</a></td><td rowspan="1">1619615103292</td><td rowspan="1">0</td></tr><tr class="skippedodd"><td><a href="#m22">verifyStockQuantity</a></td><td rowspan="1">1619615103294</td><td rowspan="1">0</td></tr><tr class="skippedodd"><td><a href="#m23">verifyTransactionHistory</a></td><td rowspan="1">1619615103295</td><td rowspan="1">0</td></tr></tbody></table><h2>Modify Stock-Sell Existing Stock</h2><h3 id="m0">com.rediff.ddf.newtestcases.PortfolioManagement#deletePortfolio</h3><table class="result"><tr class="param"><th>Parameter #1</th></tr><tr class="param stripe"><td>org.testng.TestRunner@5c14b3da</td></tr><tr><th>Exception</th></tr><tr><td><div class="stacktrace">org.openqa.selenium.NoSuchElementException: Cannot locate option with text: Abc23336
For documentation on this error, please visit: https://selenium.dev/exceptions/#no_such_element
Build info: version: &apos;4.0.0-alpha-7&apos;, revision: &apos;de8579b6d5&apos;
System info: host: &apos;DESKTOP-TKK5GPG&apos;, ip: &apos;192.168.56.1&apos;, os.name: &apos;Windows 10&apos;, os.arch: &apos;amd64&apos;, os.version: &apos;10.0&apos;, java.version: &apos;1.8.0_101&apos;
Driver info: driver.version: unknown
	at org.openqa.selenium.support.ui.Select.selectByVisibleText(Select.java:151)
	at com.rediff.ddf.base.GenericKeywords.selectByVisibleText(GenericKeywords.java:118)
	at com.rediff.ddf.newtestcases.PortfolioManagement.deletePortfolio(PortfolioManagement.java:32)
	at java.util.concurrent.FutureTask.run(FutureTask.java:266)
	at java.util.concurrent.ThreadPoolExecutor.runWorker(ThreadPoolExecutor.java:1142)
	at java.util.concurrent.ThreadPoolExecutor$Worker.run(ThreadPoolExecutor.java:617)
	at java.lang.Thread.run(Thread.java:745)
... Removed 16 stack frames</div></td></tr></table><p class="totop"><a href="#summary">back to summary</a></p><h3 id="m1">com.rediff.ddf.newtestcases.StockManagement#modifyStock</h3><table class="result"><tr class="param"><th>Parameter #1</th><th>Parameter #2</th></tr><tr class="param stripe"><td>sellstock</td><td>org.testng.TestRunner@5c14b3da</td></tr><tr><th colspan="2">Exception</th></tr><tr><td colspan="2"><div class="stacktrace">org.openqa.selenium.ElementClickInterceptedException: element click intercepted: Element &lt;td&gt;...&lt;/td&gt; is not clickable at point (166, 631). Other element would receive the click: &lt;div id=&quot;MainDv&quot; class=&quot;MainDv&quot; style=&quot;display: block; height: 1214px; width: 100%;&quot;&gt;&lt;/div&gt;
  (Session info: chrome=90.0.4430.85)
Build info: version: &apos;4.0.0-alpha-7&apos;, revision: &apos;de8579b6d5&apos;
System info: host: &apos;DESKTOP-TKK5GPG&apos;, ip: &apos;192.168.56.1&apos;, os.name: &apos;Windows 10&apos;, os.arch: &apos;amd64&apos;, os.version: &apos;10.0&apos;, java.version: &apos;1.8.0_101&apos;
Driver info: org.openqa.selenium.chrome.ChromeDriver
Capabilities {acceptInsecureCerts: false, browserName: chrome, browserVersion: 90.0.4430.85, chrome: {chromedriverVersion: 89.0.4389.23 (61b08ee2c5002..., userDataDir: C:\Users\HARSIM~1\AppData\L...}, goog:chromeOptions: {debuggerAddress: localhost:54596}, javascriptEnabled: true, networkConnectionEnabled: false, pageLoadStrategy: normal, platform: WINDOWS, platformName: WINDOWS, proxy: Proxy(), setWindowRect: true, strictFileInteractability: false, timeouts: {implicit: 0, pageLoad: 300000, script: 30000}, unhandledPromptBehavior: dismiss and notify, webauthn:extension:largeBlob: true, webauthn:virtualAuthenticators: true}
Session ID: 62d1884432d7e27dbc2d3cf8d690efd1
	at org.openqa.selenium.remote.codec.w3c.W3CHttpResponseCodec.createException(W3CHttpResponseCodec.java:196)
	at org.openqa.selenium.remote.codec.w3c.W3CHttpResponseCodec.decode(W3CHttpResponseCodec.java:129)
	at org.openqa.selenium.remote.codec.w3c.W3CHttpResponseCodec.decode(W3CHttpResponseCodec.java:53)
	at org.openqa.selenium.remote.HttpCommandExecutor.execute(HttpCommandExecutor.java:167)
	at org.openqa.selenium.remote.service.DriverCommandExecutor.execute(DriverCommandExecutor.java:123)
	at org.openqa.selenium.remote.RemoteWebDriver.execute(RemoteWebDriver.java:501)
	at org.openqa.selenium.remote.RemoteWebElement.execute(RemoteWebElement.java:238)
	at org.openqa.selenium.remote.RemoteWebElement.click(RemoteWebElement.java:79)
	at com.rediff.ddf.base.ApplicationKeywords.goToBuySell(ApplicationKeywords.java:95)
	at com.rediff.ddf.newtestcases.StockManagement.modifyStock(StockManagement.java:79)
	at java.util.concurrent.FutureTask.run(FutureTask.java:266)
	at java.util.concurrent.ThreadPoolExecutor.runWorker(ThreadPoolExecutor.java:1142)
	at java.util.concurrent.ThreadPoolExecutor$Worker.run(ThreadPoolExecutor.java:617)
	at java.lang.Thread.run(Thread.java:745)
... Removed 20 stack frames</div></td></tr></table><p class="totop"><a href="#summary">back to summary</a></p><h3 id="m2">com.rediff.ddf.newtestcases.StockManagement#verifyStockQuantity</h3><table class="result"><tr class="param"><th>Parameter #1</th><th>Parameter #2</th></tr><tr class="param stripe"><td>sellstock</td><td>org.testng.TestRunner@5c14b3da</td></tr><tr><th colspan="2">Exception</th></tr><tr><td colspan="2"><div class="stacktrace">java.lang.AssertionError: The following asserts failed:
	Quantity did not match
	at com.rediff.ddf.base.GenericKeywords.assertAll(GenericKeywords.java:217)
	at com.rediff.ddf.base.GenericKeywords.reportFailure(GenericKeywords.java:212)
	at com.rediff.ddf.newtestcases.StockManagement.verifyStockQuantity(StockManagement.java:145)
	at java.util.concurrent.FutureTask.run(FutureTask.java:266)
	at java.util.concurrent.ThreadPoolExecutor.runWorker(ThreadPoolExecutor.java:1142)
	at java.util.concurrent.ThreadPoolExecutor$Worker.run(ThreadPoolExecutor.java:617)
	at java.lang.Thread.run(Thread.java:745)
... Removed 17 stack frames</div></td></tr></table><p class="totop"><a href="#summary">back to summary</a></p><h3 id="m3">com.rediff.ddf.newtestcases.StockManagement#beforeMethod</h3><table class="result"><tr class="param"><th>Parameter #1</th></tr><tr class="param stripe"><td>org.testng.TestRunner@5c14b3da</td></tr><tr><th>Exception</th></tr><tr><td><div class="stacktrace">org.testng.SkipException: Critical Failure in Prevoius Tests
	at com.rediff.ddf.base.BaseTest.beforeMethod(BaseTest.java:98)
	at java.util.concurrent.FutureTask.run(FutureTask.java:266)
	at java.util.concurrent.ThreadPoolExecutor.runWorker(ThreadPoolExecutor.java:1142)
	at java.util.concurrent.ThreadPoolExecutor$Worker.run(ThreadPoolExecutor.java:617)
	at java.lang.Thread.run(Thread.java:745)
... Removed 18 stack frames</div></td></tr></table><p class="totop"><a href="#summary">back to summary</a></p><h3 id="m4">com.rediff.ddf.newtestcases.StockManagement#verifyTransactionHistory</h3><table class="result"><tr class="param"><th>Parameter #1</th></tr><tr class="param stripe"><td>sellstock</td></tr></table><p class="totop"><a href="#summary">back to summary</a></p><h3 id="m5">com.rediff.ddf.newtestcases.PortfolioManagement#createPortfolio</h3><table class="result"><tr class="param"><th>Parameter #1</th></tr><tr class="param stripe"><td>org.testng.TestRunner@5c14b3da</td></tr></table><p class="totop"><a href="#summary">back to summary</a></p><h3 id="m6">com.rediff.ddf.newtestcases.PortfolioManagement#selectPortfolio</h3><table class="result"><tr class="param"><th>Parameter #1</th></tr><tr class="param stripe"><td>org.testng.TestRunner@5c14b3da</td></tr></table><p class="totop"><a href="#summary">back to summary</a></p><h3 id="m7">com.rediff.ddf.newtestcases.StockManagement#verifyStockPresent</h3><table class="result"></table><p class="totop"><a href="#summary">back to summary</a></p><h2>Modify Stock-Buy Existing Stock</h2><h3 id="m8">com.rediff.ddf.newtestcases.PortfolioManagement#beforeTest</h3><table class="result"><tr class="param"><th>Parameter #1</th></tr><tr class="param stripe"><td>org.testng.TestRunner@1b800c89</td></tr><tr><th>Exception</th></tr><tr><td><div class="stacktrace">org.openqa.selenium.NoSuchElementException: no such element: Unable to locate element: {&quot;method&quot;:&quot;css selector&quot;,&quot;selector&quot;:&quot;#useremail&quot;}
  (Session info: chrome=90.0.4430.85)
For documentation on this error, please visit: https://selenium.dev/exceptions/#no_such_element
Build info: version: &apos;4.0.0-alpha-7&apos;, revision: &apos;de8579b6d5&apos;
System info: host: &apos;DESKTOP-TKK5GPG&apos;, ip: &apos;192.168.56.1&apos;, os.name: &apos;Windows 10&apos;, os.arch: &apos;amd64&apos;, os.version: &apos;10.0&apos;, java.version: &apos;1.8.0_101&apos;
Driver info: org.openqa.selenium.chrome.ChromeDriver
Capabilities {acceptInsecureCerts: false, browserName: chrome, browserVersion: 90.0.4430.85, chrome: {chromedriverVersion: 89.0.4389.23 (61b08ee2c5002..., userDataDir: C:\Users\HARSIM~1\AppData\L...}, goog:chromeOptions: {debuggerAddress: localhost:54597}, javascriptEnabled: true, networkConnectionEnabled: false, pageLoadStrategy: normal, platform: WINDOWS, platformName: WINDOWS, proxy: Proxy(), setWindowRect: true, strictFileInteractability: false, timeouts: {implicit: 0, pageLoad: 300000, script: 30000}, unhandledPromptBehavior: dismiss and notify, webauthn:extension:largeBlob: true, webauthn:virtualAuthenticators: true}
Session ID: 9d1b1c10d476ed502560dfb3bab2de5a
*** Element info: {Using=css selector, value=#useremail}
	at org.openqa.selenium.remote.codec.w3c.W3CHttpResponseCodec.createException(W3CHttpResponseCodec.java:196)
	at org.openqa.selenium.remote.codec.w3c.W3CHttpResponseCodec.decode(W3CHttpResponseCodec.java:129)
	at org.openqa.selenium.remote.codec.w3c.W3CHttpResponseCodec.decode(W3CHttpResponseCodec.java:53)
	at org.openqa.selenium.remote.HttpCommandExecutor.execute(HttpCommandExecutor.java:167)
	at org.openqa.selenium.remote.service.DriverCommandExecutor.execute(DriverCommandExecutor.java:123)
	at org.openqa.selenium.remote.RemoteWebDriver.execute(RemoteWebDriver.java:501)
	at org.openqa.selenium.remote.RemoteWebDriver.findElement(RemoteWebDriver.java:332)
	at org.openqa.selenium.By$ByCssSelector.findElement(By.java:477)
	at org.openqa.selenium.remote.RemoteWebDriver.findElement(RemoteWebDriver.java:312)
	at com.rediff.ddf.base.GenericKeywords.getElement(GenericKeywords.java:139)
	at com.rediff.ddf.base.GenericKeywords.type(GenericKeywords.java:104)
	at com.rediff.ddf.base.ApplicationKeywords.defaultLogin(ApplicationKeywords.java:42)
	at com.rediff.ddf.base.BaseTest.beforeTest(BaseTest.java:38)
	at java.util.concurrent.FutureTask.run(FutureTask.java:266)
	at java.util.concurrent.ThreadPoolExecutor.runWorker(ThreadPoolExecutor.java:1142)
	at java.util.concurrent.ThreadPoolExecutor$Worker.run(ThreadPoolExecutor.java:617)
	at java.lang.Thread.run(Thread.java:745)
... Removed 18 stack frames</div></td></tr></table><p class="totop"><a href="#summary">back to summary</a></p><h3 id="m9">com.rediff.ddf.newtestcases.PortfolioManagement#createPortfolio</h3><table class="result"><tr class="param"><th>Parameter #1</th></tr><tr class="param stripe"><td>org.testng.TestRunner@1b800c89</td></tr></table><p class="totop"><a href="#summary">back to summary</a></p><h3 id="m10">com.rediff.ddf.newtestcases.PortfolioManagement#deletePortfolio</h3><table class="result"><tr class="param"><th>Parameter #1</th></tr><tr class="param stripe"><td>org.testng.TestRunner@1b800c89</td></tr></table><p class="totop"><a href="#summary">back to summary</a></p><h3 id="m11">com.rediff.ddf.newtestcases.PortfolioManagement#selectPortfolio</h3><table class="result"><tr class="param"><th>Parameter #1</th></tr><tr class="param stripe"><td>org.testng.TestRunner@1b800c89</td></tr></table><p class="totop"><a href="#summary">back to summary</a></p><h3 id="m12">com.rediff.ddf.newtestcases.StockManagement#modifyStock</h3><table class="result"><tr class="param"><th>Parameter #1</th><th>Parameter #2</th></tr><tr class="param stripe"><td>addstock</td><td>org.testng.TestRunner@1b800c89</td></tr></table><p class="totop"><a href="#summary">back to summary</a></p><h3 id="m13">com.rediff.ddf.newtestcases.StockManagement#verifyStockPresent</h3><table class="result"></table><p class="totop"><a href="#summary">back to summary</a></p><h3 id="m14">com.rediff.ddf.newtestcases.StockManagement#verifyStockQuantity</h3><table class="result"><tr class="param"><th>Parameter #1</th><th>Parameter #2</th></tr><tr class="param stripe"><td>addstock</td><td>org.testng.TestRunner@1b800c89</td></tr></table><p class="totop"><a href="#summary">back to summary</a></p><h3 id="m15">com.rediff.ddf.newtestcases.StockManagement#verifyTransactionHistory</h3><table class="result"><tr class="param"><th>Parameter #1</th></tr><tr class="param stripe"><td>addstock</td></tr></table><p class="totop"><a href="#summary">back to summary</a></p><h2>Add New Stock-New Stock</h2><h3 id="m16">com.rediff.ddf.newtestcases.PortfolioManagement#beforeTest</h3><table class="result"><tr class="param"><th>Parameter #1</th></tr><tr class="param stripe"><td>org.testng.TestRunner@ac5145e</td></tr><tr><th>Exception</th></tr><tr><td><div class="stacktrace">org.openqa.selenium.NoSuchElementException: no such element: Unable to locate element: {&quot;method&quot;:&quot;css selector&quot;,&quot;selector&quot;:&quot;#useremail&quot;}
  (Session info: chrome=90.0.4430.85)
For documentation on this error, please visit: https://selenium.dev/exceptions/#no_such_element
Build info: version: &apos;4.0.0-alpha-7&apos;, revision: &apos;de8579b6d5&apos;
System info: host: &apos;DESKTOP-TKK5GPG&apos;, ip: &apos;192.168.56.1&apos;, os.name: &apos;Windows 10&apos;, os.arch: &apos;amd64&apos;, os.version: &apos;10.0&apos;, java.version: &apos;1.8.0_101&apos;
Driver info: org.openqa.selenium.chrome.ChromeDriver
Capabilities {acceptInsecureCerts: false, browserName: chrome, browserVersion: 90.0.4430.85, chrome: {chromedriverVersion: 89.0.4389.23 (61b08ee2c5002..., userDataDir: C:\Users\HARSIM~1\AppData\L...}, goog:chromeOptions: {debuggerAddress: localhost:54598}, javascriptEnabled: true, networkConnectionEnabled: false, pageLoadStrategy: normal, platform: WINDOWS, platformName: WINDOWS, proxy: Proxy(), setWindowRect: true, strictFileInteractability: false, timeouts: {implicit: 0, pageLoad: 300000, script: 30000}, unhandledPromptBehavior: dismiss and notify, webauthn:extension:largeBlob: true, webauthn:virtualAuthenticators: true}
Session ID: 2c8d1c3b7bee9e0447306d8b75c06d54
*** Element info: {Using=css selector, value=#useremail}
	at org.openqa.selenium.remote.codec.w3c.W3CHttpResponseCodec.createException(W3CHttpResponseCodec.java:196)
	at org.openqa.selenium.remote.codec.w3c.W3CHttpResponseCodec.decode(W3CHttpResponseCodec.java:129)
	at org.openqa.selenium.remote.codec.w3c.W3CHttpResponseCodec.decode(W3CHttpResponseCodec.java:53)
	at org.openqa.selenium.remote.HttpCommandExecutor.execute(HttpCommandExecutor.java:167)
	at org.openqa.selenium.remote.service.DriverCommandExecutor.execute(DriverCommandExecutor.java:123)
	at org.openqa.selenium.remote.RemoteWebDriver.execute(RemoteWebDriver.java:501)
	at org.openqa.selenium.remote.RemoteWebDriver.findElement(RemoteWebDriver.java:332)
	at org.openqa.selenium.By$ByCssSelector.findElement(By.java:477)
	at org.openqa.selenium.remote.RemoteWebDriver.findElement(RemoteWebDriver.java:312)
	at com.rediff.ddf.base.GenericKeywords.getElement(GenericKeywords.java:139)
	at com.rediff.ddf.base.GenericKeywords.type(GenericKeywords.java:104)
	at com.rediff.ddf.base.ApplicationKeywords.defaultLogin(ApplicationKeywords.java:42)
	at com.rediff.ddf.base.BaseTest.beforeTest(BaseTest.java:38)
	at java.util.concurrent.FutureTask.run(FutureTask.java:266)
	at java.util.concurrent.ThreadPoolExecutor.runWorker(ThreadPoolExecutor.java:1142)
	at java.util.concurrent.ThreadPoolExecutor$Worker.run(ThreadPoolExecutor.java:617)
	at java.lang.Thread.run(Thread.java:745)
... Removed 18 stack frames</div></td></tr></table><p class="totop"><a href="#summary">back to summary</a></p><h3 id="m17">com.rediff.ddf.newtestcases.PortfolioManagement#createPortfolio</h3><table class="result"><tr class="param"><th>Parameter #1</th></tr><tr class="param stripe"><td>org.testng.TestRunner@ac5145e</td></tr></table><p class="totop"><a href="#summary">back to summary</a></p><h3 id="m18">com.rediff.ddf.newtestcases.PortfolioManagement#deletePortfolio</h3><table class="result"><tr class="param"><th>Parameter #1</th></tr><tr class="param stripe"><td>org.testng.TestRunner@ac5145e</td></tr></table><p class="totop"><a href="#summary">back to summary</a></p><h3 id="m19">com.rediff.ddf.newtestcases.PortfolioManagement#selectPortfolio</h3><table class="result"><tr class="param"><th>Parameter #1</th></tr><tr class="param stripe"><td>org.testng.TestRunner@ac5145e</td></tr></table><p class="totop"><a href="#summary">back to summary</a></p><h3 id="m20">com.rediff.ddf.newtestcases.StockManagement#addNewStock</h3><table class="result"><tr class="param"><th>Parameter #1</th></tr><tr class="param stripe"><td>org.testng.TestRunner@ac5145e</td></tr></table><p class="totop"><a href="#summary">back to summary</a></p><h3 id="m21">com.rediff.ddf.newtestcases.StockManagement#verifyStockPresent</h3><table class="result"></table><p class="totop"><a href="#summary">back to summary</a></p><h3 id="m22">com.rediff.ddf.newtestcases.StockManagement#verifyStockQuantity</h3><table class="result"><tr class="param"><th>Parameter #1</th><th>Parameter #2</th></tr><tr class="param stripe"><td>addstock</td><td>org.testng.TestRunner@ac5145e</td></tr></table><p class="totop"><a href="#summary">back to summary</a></p><h3 id="m23">com.rediff.ddf.newtestcases.StockManagement#verifyTransactionHistory</h3><table class="result"><tr class="param"><th>Parameter #1</th></tr><tr class="param stripe"><td>addstock</td></tr></table><p class="totop"><a href="#summary">back to summary</a></p></body></html>